Feb-28 20:02:50.747 [main] DEBUG nextflow.cli.Launcher - $> nextflow run Hazexplorer.nf --dry-run
Feb-28 20:02:50.821 [main] INFO  nextflow.cli.CmdRun - N E X T F L O W  ~  version 23.10.1
Feb-28 20:02:50.840 [main] DEBUG nextflow.plugin.PluginsFacade - Setting up plugin manager > mode=prod; embedded=false; plugins-dir=/home/marcello/.nextflow/plugins; core-plugins: nf-amazon@2.1.4,nf-azure@1.3.3,nf-cloudcache@0.3.0,nf-codecommit@0.1.5,nf-console@1.0.6,nf-ga4gh@1.1.0,nf-google@1.8.3,nf-tower@1.6.3,nf-wave@1.0.1
Feb-28 20:02:50.850 [main] INFO  o.pf4j.DefaultPluginStatusProvider - Enabled plugins: []
Feb-28 20:02:50.850 [main] INFO  o.pf4j.DefaultPluginStatusProvider - Disabled plugins: []
Feb-28 20:02:50.853 [main] INFO  org.pf4j.DefaultPluginManager - PF4J version 3.4.1 in 'deployment' mode
Feb-28 20:02:50.862 [main] INFO  org.pf4j.AbstractPluginManager - No plugins
Feb-28 20:02:50.878 [main] DEBUG nextflow.config.ConfigBuilder - Found config local: /home/marcello/Hazexplorer/nextflow.config
Feb-28 20:02:50.879 [main] DEBUG nextflow.config.ConfigBuilder - Parsing config file: /home/marcello/Hazexplorer/nextflow.config
Feb-28 20:02:50.907 [main] DEBUG nextflow.config.ConfigBuilder - Applying config profile: `standard`
Feb-28 20:02:51.387 [main] DEBUG nextflow.cli.CmdRun - Applied DSL=2 by global default
Feb-28 20:02:51.401 [main] INFO  nextflow.cli.CmdRun - Launching `Hazexplorer.nf` [marvelous_einstein] DSL2 - revision: 8b87eded3f
Feb-28 20:02:51.402 [main] DEBUG nextflow.plugin.PluginsFacade - Plugins default=[]
Feb-28 20:02:51.402 [main] DEBUG nextflow.plugin.PluginsFacade - Plugins resolved requirement=[]
Feb-28 20:02:51.414 [main] DEBUG n.secret.LocalSecretsProvider - Secrets store: /home/marcello/.nextflow/secrets/store.json
Feb-28 20:02:51.417 [main] DEBUG nextflow.secret.SecretsLoader - Discovered secrets providers: [nextflow.secret.LocalSecretsProvider@176996c3] - activable => nextflow.secret.LocalSecretsProvider@176996c3
Feb-28 20:02:51.475 [main] DEBUG nextflow.Session - Session UUID: dbff65e1-20d6-4439-9f87-4ac496c25bbc
Feb-28 20:02:51.476 [main] DEBUG nextflow.Session - Run name: marvelous_einstein
Feb-28 20:02:51.477 [main] DEBUG nextflow.Session - Executor pool size: 8
Feb-28 20:02:51.486 [main] DEBUG nextflow.file.FilePorter - File porter settings maxRetries=3; maxTransfers=50; pollTimeout=null
Feb-28 20:02:51.514 [main] DEBUG nextflow.cli.CmdRun - 
  Version: 23.10.1 build 5891
  Created: 12-01-2024 22:01 UTC (22:01 BST)
  System: Linux 5.15.133.1-microsoft-standard-WSL2
  Runtime: Groovy 3.0.19 on Java HotSpot(TM) 64-Bit Server VM 21.0.1+12-LTS-29
  Encoding: UTF-8 (UTF-8)
  Process: 7328@Marcy [127.0.1.1]
  CPUs: 8 - Mem: 7.7 GB (6.5 GB) - Swap: 2 GB (2 GB) - Virtual threads ON
Feb-28 20:02:51.535 [main] DEBUG nextflow.Session - Work-dir: /home/marcello/Hazexplorer/work [ext2/ext3]
Feb-28 20:02:51.550 [main] DEBUG nextflow.executor.ExecutorFactory - Extension executors providers=[]
Feb-28 20:02:51.564 [main] DEBUG nextflow.Session - Observer factory: DefaultObserverFactory
Feb-28 20:02:51.587 [main] DEBUG nextflow.cache.CacheFactory - Using Nextflow cache factory: nextflow.cache.DefaultCacheFactory
Feb-28 20:02:51.597 [main] DEBUG nextflow.util.CustomPoolFactory - Creating virtual thread pool
Feb-28 20:02:51.663 [main] DEBUG nextflow.Session - Session start
Feb-28 20:02:51.907 [main] DEBUG nextflow.script.ScriptRunner - > Launching execution
Feb-28 20:02:52.055 [main] WARN  nextflow.script.ScriptBinding - Access to undefined parameter `reads` -- Initialise it to a default value eg. `params.reads = some_value`
Feb-28 20:02:52.055 [main] INFO  nextflow.Nextflow - 
    HAZEXPLORER - NF PIPELINE
    ===================================
    Reads: null
    Reference genome: /data/references/Hazelnut_CavTom2PMs-1.0/


    
Feb-28 20:02:52.070 [main] WARN  nextflow.Session - Nextflow version 23.10.1 does not match workflow required version: 22.04.0 -- Execution will continue, but things may break!
Feb-28 20:02:52.171 [main] DEBUG nextflow.script.ScriptRunner - Parsed script files:
  Script_712d065be5f70fa9: /home/marcello/Hazexplorer/./modules.nf
  Script_e62ece8316082824: /home/marcello/Hazexplorer/Hazexplorer.nf
Feb-28 20:02:52.171 [main] DEBUG nextflow.Session - Session aborted -- Cause: Process `TRIM` declares 3 input channels but 2 were specified
Feb-28 20:02:52.192 [main] ERROR nextflow.cli.Launcher - Process `TRIM` declares 3 input channels but 2 were specified
nextflow.exception.ScriptRuntimeException: Process `TRIM` declares 3 input channels but 2 were specified
	at nextflow.script.ProcessDef.run(ProcessDef.groovy:174)
	at nextflow.script.BindableDef.invoke_a(BindableDef.groovy:51)
	at nextflow.script.ComponentDef.invoke_o(ComponentDef.groovy:40)
	at nextflow.script.WorkflowBinding.invokeMethod(WorkflowBinding.groovy:102)
	at org.codehaus.groovy.runtime.metaclass.ClosureMetaClass.invokeOnDelegationObjects(ClosureMetaClass.java:408)
	at org.codehaus.groovy.runtime.metaclass.ClosureMetaClass.invokeMethod(ClosureMetaClass.java:350)
	at org.codehaus.groovy.runtime.callsite.PogoMetaClassSite.callCurrent(PogoMetaClassSite.java:61)
	at org.codehaus.groovy.runtime.callsite.CallSiteArray.defaultCallCurrent(CallSiteArray.java:51)
	at org.codehaus.groovy.runtime.callsite.AbstractCallSite.callCurrent(AbstractCallSite.java:171)
	at org.codehaus.groovy.runtime.callsite.AbstractCallSite.callCurrent(AbstractCallSite.java:194)
	at Script_e62ece8316082824$_runScript_closure1$_closure2.doCall(Script_e62ece8316082824:40)
	at java.base/jdk.internal.reflect.DirectMethodHandleAccessor.invoke(DirectMethodHandleAccessor.java:103)
	at java.base/java.lang.reflect.Method.invoke(Method.java:580)
	at org.codehaus.groovy.reflection.CachedMethod.invoke(CachedMethod.java:107)
	at groovy.lang.MetaMethod.doMethodInvoke(MetaMethod.java:323)
	at org.codehaus.groovy.runtime.metaclass.ClosureMetaClass.invokeMethod(ClosureMetaClass.java:274)
	at groovy.lang.MetaClassImpl.invokeMethod(MetaClassImpl.java:1030)
	at groovy.lang.Closure.call(Closure.java:427)
	at groovy.lang.Closure.call(Closure.java:406)
	at nextflow.script.WorkflowDef.run0(WorkflowDef.groovy:204)
	at nextflow.script.WorkflowDef.run(WorkflowDef.groovy:188)
	at nextflow.script.BindableDef.invoke_a(BindableDef.groovy:51)
	at nextflow.script.ChainableDef$invoke_a.call(Unknown Source)
	at org.codehaus.groovy.runtime.callsite.CallSiteArray.defaultCall(CallSiteArray.java:47)
	at org.codehaus.groovy.runtime.callsite.AbstractCallSite.call(AbstractCallSite.java:125)
	at org.codehaus.groovy.runtime.callsite.AbstractCallSite.call(AbstractCallSite.java:139)
	at nextflow.script.BaseScript.run0(BaseScript.groovy:183)
	at nextflow.script.BaseScript.run(BaseScript.groovy:192)
	at nextflow.script.ScriptParser.runScript(ScriptParser.groovy:236)
	at nextflow.script.ScriptRunner.run(ScriptRunner.groovy:242)
	at nextflow.script.ScriptRunner.execute(ScriptRunner.groovy:137)
	at nextflow.cli.CmdRun.run(CmdRun.groovy:372)
	at nextflow.cli.Launcher.run(Launcher.groovy:500)
	at nextflow.cli.Launcher.main(Launcher.groovy:672)
